This file contains any messages produced by compilers while
running configure, to aid debugging if configure makes a mistake.

It was created by CityHash configure 1.1.1, which was
generated by GNU Autoconf 2.69.  Invocation command line was

  $ ./configure --disable-option-checking --prefix=/usr/local --cache-file=/dev/null --srcdir=.

## --------- ##
## Platform. ##
## --------- ##

hostname = E620
uname -m = x86_64
uname -r = 3.16.0-43-generic
uname -s = Linux
uname -v = #58~14.04.1-Ubuntu SMP Mon Jun 22 10:21:20 UTC 2015

/usr/bin/uname -p = unknown
/bin/uname -X     = unknown

/bin/arch              = unknown
/usr/bin/arch -k       = unknown
/usr/convex/getsysinfo = unknown
/usr/bin/hostinfo      = unknown
/bin/machine           = unknown
/usr/bin/oslevel       = unknown
/bin/universe          = unknown

PATH: /usr/local/sbin
PATH: /usr/local/bin
PATH: /usr/sbin
PATH: /usr/bin
PATH: /sbin
PATH: /bin
PATH: /usr/games
PATH: /usr/local/games


## ----------- ##
## Core tests. ##
## ----------- ##

configure:2542: checking for a BSD-compatible install
configure:2610: result: /usr/bin/install -c
configure:2621: checking whether build environment is sane
configure:2676: result: yes
configure:2827: checking for a thread-safe mkdir -p
configure:2866: result: /bin/mkdir -p
configure:2873: checking for gawk
configure:2903: result: no
configure:2873: checking for mawk
configure:2889: found /usr/bin/mawk
configure:2900: result: mawk
configure:2911: checking whether make sets $(MAKE)
configure:2933: result: yes
configure:2962: checking whether make supports nested variables
configure:2979: result: yes
configure:3125: checking build system type
configure:3139: result: x86_64-unknown-linux-gnu
configure:3159: checking host system type
configure:3172: result: x86_64-unknown-linux-gnu
configure:3213: checking how to print strings
configure:3240: result: printf
configure:3273: checking for style of include used by make
configure:3301: result: GNU
configure:3372: checking for gcc
configure:3388: found /usr/bin/gcc
configure:3399: result: gcc
configure:3628: checking for C compiler version
configure:3637: gcc --version >&5
gcc (Ubuntu 4.8.4-2ubuntu1~14.04) 4.8.4
Copyright (C) 2013 Free Software Foundation, Inc.
This is free software; see the source for copying conditions.  There is NO
warranty; not even for MERCHANTABILITY or FITNESS FOR A PARTICULAR PURPOSE.

configure:3648: $? = 0
configure:3637: gcc -v >&5
Using built-in specs.
COLLECT_GCC=gcc
COLLECT_LTO_WRAPPER=/usr/lib/gcc/x86_64-linux-gnu/4.8/lto-wrapper
Target: x86_64-linux-gnu
Configured with: ../src/configure -v --with-pkgversion='Ubuntu 4.8.4-2ubuntu1~14.04' --with-bugurl=file:///usr/share/doc/gcc-4.8/README.Bugs --enable-languages=c,c++,java,go,d,fortran,objc,obj-c++ --prefix=/usr --program-suffix=-4.8 --enable-shared --enable-linker-build-id --libexecdir=/usr/lib --without-included-gettext --enable-threads=posix --with-gxx-include-dir=/usr/include/c++/4.8 --libdir=/usr/lib --enable-nls --with-sysroot=/ --enable-clocale=gnu --enable-libstdcxx-debug --enable-libstdcxx-time=yes --enable-gnu-unique-object --disable-libmudflap --enable-plugin --with-system-zlib --disable-browser-plugin --enable-java-awt=gtk --enable-gtk-cairo --with-java-home=/usr/lib/jvm/java-1.5.0-gcj-4.8-amd64/jre --enable-java-home --with-jvm-root-dir=/usr/lib/jvm/java-1.5.0-gcj-4.8-amd64 --with-jvm-jar-dir=/usr/lib/jvm-exports/java-1.5.0-gcj-4.8-amd64 --with-arch-directory=amd64 --with-ecj-jar=/usr/share/java/eclipse-ecj.jar --enable-objc-gc --enable-multiarch --disable-werror --with-arch-32=i686 --with-abi=m64 --with-multilib-list=m32,m64,mx32 --with-tune=generic --enable-checking=release --build=x86_64-linux-gnu --host=x86_64-linux-gnu --target=x86_64-linux-gnu
Thread model: posix
gcc version 4.8.4 (Ubuntu 4.8.4-2ubuntu1~14.04) 
configure:3648: $? = 0
configure:3637: gcc -V >&5
gcc: error: unrecognized command line option '-V'
gcc: fatal error: no input files
compilation terminated.
configure:3648: $? = 4
configure:3637: gcc -qversion >&5
gcc: error: unrecognized command line option '-qversion'
gcc: fatal error: no input files
compilation terminated.
configure:3648: $? = 4
configure:3668: checking whether the C compiler works
configure:3690: gcc    conftest.c  >&5
configure:3694: $? = 0
configure:3742: result: yes
configure:3745: checking for C compiler default output file name
configure:3747: result: a.out
configure:3753: checking for suffix of executables
configure:3760: gcc -o conftest    conftest.c  >&5
configure:3764: $? = 0
configure:3786: result: 
configure:3808: checking whether we are cross compiling
configure:3816: gcc -o conftest    conftest.c  >&5
configure:3820: $? = 0
configure:3827: ./conftest
configure:3831: $? = 0
configure:3846: result: no
configure:3851: checking for suffix of object files
configure:3873: gcc -c   conftest.c >&5
configure:3877: $? = 0
configure:3898: result: o
configure:3902: checking whether we are using the GNU C compiler
configure:3921: gcc -c   conftest.c >&5
configure:3921: $? = 0
configure:3930: result: yes
configure:3939: checking whether gcc accepts -g
configure:3959: gcc -c -g  conftest.c >&5
configure:3959: $? = 0
configure:4000: result: yes
configure:4017: checking for gcc option to accept ISO C89
configure:4080: gcc  -c -g -O2  conftest.c >&5
configure:4080: $? = 0
configure:4093: result: none needed
configure:4118: checking whether gcc understands -c and -o together
configure:4140: gcc -c conftest.c -o conftest2.o
configure:4143: $? = 0
configure:4140: gcc -c conftest.c -o conftest2.o
configure:4143: $? = 0
configure:4155: result: yes
configure:4174: checking dependency style of gcc
configure:4285: result: gcc3
configure:4300: checking for a sed that does not truncate output
configure:4364: result: /bin/sed
configure:4382: checking for grep that handles long lines and -e
configure:4440: result: /bin/grep
configure:4445: checking for egrep
configure:4507: result: /bin/grep -E
configure:4512: checking for fgrep
configure:4574: result: /bin/grep -F
configure:4609: checking for ld used by gcc
configure:4676: result: /usr/bin/ld
configure:4683: checking if the linker (/usr/bin/ld) is GNU ld
configure:4698: result: yes
configure:4710: checking for BSD- or MS-compatible name lister (nm)
configure:4759: result: /usr/bin/nm -B
configure:4889: checking the name lister (/usr/bin/nm -B) interface
configure:4896: gcc -c -g -O2  conftest.c >&5
configure:4899: /usr/bin/nm -B "conftest.o"
configure:4902: output
0000000000000000 B some_variable
configure:4909: result: BSD nm
configure:4912: checking whether ln -s works
configure:4916: result: yes
configure:4924: checking the maximum length of command line arguments
configure:5055: result: 1572864
configure:5072: checking whether the shell understands some XSI constructs
configure:5082: result: yes
configure:5086: checking whether the shell understands "+="
configure:5092: result: yes
configure:5127: checking how to convert x86_64-unknown-linux-gnu file names to x86_64-unknown-linux-gnu format
configure:5167: result: func_convert_file_noop
configure:5174: checking how to convert x86_64-unknown-linux-gnu file names to toolchain format
configure:5194: result: func_convert_file_noop
configure:5201: checking for /usr/bin/ld option to reload object files
configure:5208: result: -r
configure:5282: checking for objdump
configure:5298: found /usr/bin/objdump
configure:5309: result: objdump
configure:5341: checking how to recognize dependent libraries
configure:5539: result: pass_all
configure:5624: checking for dlltool
configure:5654: result: no
configure:5684: checking how to associate runtime and link libraries
configure:5711: result: printf %s\n
configure:5772: checking for ar
configure:5788: found /usr/bin/ar
configure:5799: result: ar
configure:5836: checking for archiver @FILE support
configure:5853: gcc -c -g -O2  conftest.c >&5
configure:5853: $? = 0
configure:5856: ar cru libconftest.a @conftest.lst >&5
configure:5859: $? = 0
configure:5864: ar cru libconftest.a @conftest.lst >&5
ar: conftest.o: No such file or directory
configure:5867: $? = 1
configure:5879: result: @
configure:5937: checking for strip
configure:5953: found /usr/bin/strip
configure:5964: result: strip
configure:6036: checking for ranlib
configure:6052: found /usr/bin/ranlib
configure:6063: result: ranlib
configure:6165: checking command to parse /usr/bin/nm -B output from gcc object
configure:6285: gcc -c -g -O2  conftest.c >&5
configure:6288: $? = 0
configure:6292: /usr/bin/nm -B conftest.o \| sed -n -e 's/^.*[ ]\([ABCDGIRSTW][ABCDGIRSTW]*\)[ ][ ]*\([_A-Za-z][_A-Za-z0-9]*\)$/\1 \2 \2/p' | sed '/ __gnu_lto/d' \> conftest.nm
configure:6295: $? = 0
configure:6361: gcc -o conftest -g -O2   conftest.c conftstm.o >&5
configure:6364: $? = 0
configure:6402: result: ok
configure:6439: checking for sysroot
configure:6469: result: no
configure:6546: gcc -c -g -O2  conftest.c >&5
configure:6549: $? = 0
configure:6738: checking for mt
configure:6754: found /bin/mt
configure:6765: result: mt
configure:6788: checking if mt is a manifest tool
configure:6794: mt '-?'
configure:6802: result: no
configure:7444: checking how to run the C preprocessor
configure:7475: gcc -E  conftest.c
configure:7475: $? = 0
configure:7489: gcc -E  conftest.c
conftest.c:9:28: fatal error: ac_nonexistent.h: No such file or directory
 #include <ac_nonexistent.h>
                            ^
compilation terminated.
configure:7489: $? = 1
configure: failed program was:
| /* confdefs.h */
| #define PACKAGE_NAME "CityHash"
| #define PACKAGE_TARNAME "cityhash"
| #define PACKAGE_VERSION "1.1.1"
| #define PACKAGE_STRING "CityHash 1.1.1"
| #define PACKAGE_BUGREPORT "cityhash-discuss@googlegroups.com"
| #define PACKAGE_URL ""
| /* end confdefs.h.  */
| #include <ac_nonexistent.h>
configure:7514: result: gcc -E
configure:7534: gcc -E  conftest.c
configure:7534: $? = 0
configure:7548: gcc -E  conftest.c
conftest.c:9:28: fatal error: ac_nonexistent.h: No such file or directory
 #include <ac_nonexistent.h>
                            ^
compilation terminated.
configure:7548: $? = 1
configure: failed program was:
| /* confdefs.h */
| #define PACKAGE_NAME "CityHash"
| #define PACKAGE_TARNAME "cityhash"
| #define PACKAGE_VERSION "1.1.1"
| #define PACKAGE_STRING "CityHash 1.1.1"
| #define PACKAGE_BUGREPORT "cityhash-discuss@googlegroups.com"
| #define PACKAGE_URL ""
| /* end confdefs.h.  */
| #include <ac_nonexistent.h>
configure:7577: checking for ANSI C header files
configure:7597: gcc -c -g -O2  conftest.c >&5
configure:7597: $? = 0
configure:7670: gcc -o conftest -g -O2   conftest.c  >&5
configure:7670: $? = 0
configure:7670: ./conftest
configure:7670: $? = 0
configure:7681: result: yes
configure:7694: checking for sys/types.h
configure:7694: gcc -c -g -O2  conftest.c >&5
configure:7694: $? = 0
configure:7694: result: yes
configure:7694: checking for sys/stat.h
configure:7694: gcc -c -g -O2  conftest.c >&5
configure:7694: $? = 0
configure:7694: result: yes
configure:7694: checking for stdlib.h
configure:7694: gcc -c -g -O2  conftest.c >&5
configure:7694: $? = 0
configure:7694: result: yes
configure:7694: checking for string.h
configure:7694: gcc -c -g -O2  conftest.c >&5
configure:7694: $? = 0
configure:7694: result: yes
configure:7694: checking for memory.h
configure:7694: gcc -c -g -O2  conftest.c >&5
configure:7694: $? = 0
configure:7694: result: yes
configure:7694: checking for strings.h
configure:7694: gcc -c -g -O2  conftest.c >&5
configure:7694: $? = 0
configure:7694: result: yes
configure:7694: checking for inttypes.h
configure:7694: gcc -c -g -O2  conftest.c >&5
configure:7694: $? = 0
configure:7694: result: yes
configure:7694: checking for stdint.h
configure:7694: gcc -c -g -O2  conftest.c >&5
configure:7694: $? = 0
configure:7694: result: yes
configure:7694: checking for unistd.h
configure:7694: gcc -c -g -O2  conftest.c >&5
configure:7694: $? = 0
configure:7694: result: yes
configure:7708: checking for dlfcn.h
configure:7708: gcc -c -g -O2  conftest.c >&5
configure:7708: $? = 0
configure:7708: result: yes
configure:7914: checking for objdir
configure:7929: result: .libs
configure:8200: checking if gcc supports -fno-rtti -fno-exceptions
configure:8218: gcc -c -g -O2  -fno-rtti -fno-exceptions conftest.c >&5
cc1: warning: command line option '-fno-rtti' is valid for C++/ObjC++ but not for C [enabled by default]
configure:8222: $? = 0
configure:8235: result: no
configure:8562: checking for gcc option to produce PIC
configure:8569: result: -fPIC -DPIC
configure:8577: checking if gcc PIC flag -fPIC -DPIC works
configure:8595: gcc -c -g -O2  -fPIC -DPIC -DPIC conftest.c >&5
configure:8599: $? = 0
configure:8612: result: yes
configure:8641: checking if gcc static flag -static works
configure:8669: result: yes
configure:8684: checking if gcc supports -c -o file.o
configure:8705: gcc -c -g -O2  -o out/conftest2.o conftest.c >&5
configure:8709: $? = 0
configure:8731: result: yes
configure:8739: checking if gcc supports -c -o file.o
configure:8786: result: yes
configure:8819: checking whether the gcc linker (/usr/bin/ld -m elf_x86_64) supports shared libraries
configure:9976: result: yes
configure:10013: checking whether -lc should be explicitly linked in
configure:10021: gcc -c -g -O2  conftest.c >&5
configure:10024: $? = 0
configure:10039: gcc -shared  -fPIC -DPIC conftest.o  -v -Wl,-soname -Wl,conftest -o conftest 2\>\&1 \| /bin/grep  -lc  \>/dev/null 2\>\&1
configure:10042: $? = 0
configure:10056: result: no
configure:10216: checking dynamic linker characteristics
configure:10716: gcc -o conftest -g -O2   -Wl,-rpath -Wl,/foo conftest.c  >&5
configure:10716: $? = 0
configure:10950: result: GNU/Linux ld.so
configure:11057: checking how to hardcode library paths into programs
configure:11082: result: immediate
configure:11622: checking whether stripping libraries is possible
configure:11627: result: yes
configure:11662: checking if libtool supports shared libraries
configure:11664: result: yes
configure:11667: checking whether to build shared libraries
configure:11688: result: yes
configure:11691: checking whether to build static libraries
configure:11695: result: yes
configure:11811: checking for g++
configure:11827: found /usr/bin/g++
configure:11838: result: g++
configure:11865: checking for C++ compiler version
configure:11874: g++ --version >&5
g++ (Ubuntu 4.8.4-2ubuntu1~14.04) 4.8.4
Copyright (C) 2013 Free Software Foundation, Inc.
This is free software; see the source for copying conditions.  There is NO
warranty; not even for MERCHANTABILITY or FITNESS FOR A PARTICULAR PURPOSE.

configure:11885: $? = 0
configure:11874: g++ -v >&5
Using built-in specs.
COLLECT_GCC=g++
COLLECT_LTO_WRAPPER=/usr/lib/gcc/x86_64-linux-gnu/4.8/lto-wrapper
Target: x86_64-linux-gnu
Configured with: ../src/configure -v --with-pkgversion='Ubuntu 4.8.4-2ubuntu1~14.04' --with-bugurl=file:///usr/share/doc/gcc-4.8/README.Bugs --enable-languages=c,c++,java,go,d,fortran,objc,obj-c++ --prefix=/usr --program-suffix=-4.8 --enable-shared --enable-linker-build-id --libexecdir=/usr/lib --without-included-gettext --enable-threads=posix --with-gxx-include-dir=/usr/include/c++/4.8 --libdir=/usr/lib --enable-nls --with-sysroot=/ --enable-clocale=gnu --enable-libstdcxx-debug --enable-libstdcxx-time=yes --enable-gnu-unique-object --disable-libmudflap --enable-plugin --with-system-zlib --disable-browser-plugin --enable-java-awt=gtk --enable-gtk-cairo --with-java-home=/usr/lib/jvm/java-1.5.0-gcj-4.8-amd64/jre --enable-java-home --with-jvm-root-dir=/usr/lib/jvm/java-1.5.0-gcj-4.8-amd64 --with-jvm-jar-dir=/usr/lib/jvm-exports/java-1.5.0-gcj-4.8-amd64 --with-arch-directory=amd64 --with-ecj-jar=/usr/share/java/eclipse-ecj.jar --enable-objc-gc --enable-multiarch --disable-werror --with-arch-32=i686 --with-abi=m64 --with-multilib-list=m32,m64,mx32 --with-tune=generic --enable-checking=release --build=x86_64-linux-gnu --host=x86_64-linux-gnu --target=x86_64-linux-gnu
Thread model: posix
gcc version 4.8.4 (Ubuntu 4.8.4-2ubuntu1~14.04) 
configure:11885: $? = 0
configure:11874: g++ -V >&5
g++: error: unrecognized command line option '-V'
g++: fatal error: no input files
compilation terminated.
configure:11885: $? = 4
configure:11874: g++ -qversion >&5
g++: error: unrecognized command line option '-qversion'
g++: fatal error: no input files
compilation terminated.
configure:11885: $? = 4
configure:11889: checking whether we are using the GNU C++ compiler
configure:11908: g++ -c   conftest.cpp >&5
configure:11908: $? = 0
configure:11917: result: yes
configure:11926: checking whether g++ accepts -g
configure:11946: g++ -c -g  conftest.cpp >&5
configure:11946: $? = 0
configure:11987: result: yes
configure:12012: checking dependency style of g++
configure:12123: result: gcc3
configure:12156: checking how to run the C++ preprocessor
configure:12183: g++ -E  conftest.cpp
configure:12183: $? = 0
configure:12197: g++ -E  conftest.cpp
conftest.cpp:21:28: fatal error: ac_nonexistent.h: No such file or directory
 #include <ac_nonexistent.h>
                            ^
compilation terminated.
configure:12197: $? = 1
configure: failed program was:
| /* confdefs.h */
| #define PACKAGE_NAME "CityHash"
| #define PACKAGE_TARNAME "cityhash"
| #define PACKAGE_VERSION "1.1.1"
| #define PACKAGE_STRING "CityHash 1.1.1"
| #define PACKAGE_BUGREPORT "cityhash-discuss@googlegroups.com"
| #define PACKAGE_URL ""
| #define STDC_HEADERS 1
| #define HAVE_SYS_TYPES_H 1
| #define HAVE_SYS_STAT_H 1
| #define HAVE_STDLIB_H 1
| #define HAVE_STRING_H 1
| #define HAVE_MEMORY_H 1
| #define HAVE_STRINGS_H 1
| #define HAVE_INTTYPES_H 1
| #define HAVE_STDINT_H 1
| #define HAVE_UNISTD_H 1
| #define HAVE_DLFCN_H 1
| #define LT_OBJDIR ".libs/"
| /* end confdefs.h.  */
| #include <ac_nonexistent.h>
configure:12222: result: g++ -E
configure:12242: g++ -E  conftest.cpp
configure:12242: $? = 0
configure:12256: g++ -E  conftest.cpp
conftest.cpp:21:28: fatal error: ac_nonexistent.h: No such file or directory
 #include <ac_nonexistent.h>
                            ^
compilation terminated.
configure:12256: $? = 1
configure: failed program was:
| /* confdefs.h */
| #define PACKAGE_NAME "CityHash"
| #define PACKAGE_TARNAME "cityhash"
| #define PACKAGE_VERSION "1.1.1"
| #define PACKAGE_STRING "CityHash 1.1.1"
| #define PACKAGE_BUGREPORT "cityhash-discuss@googlegroups.com"
| #define PACKAGE_URL ""
| #define STDC_HEADERS 1
| #define HAVE_SYS_TYPES_H 1
| #define HAVE_SYS_STAT_H 1
| #define HAVE_STDLIB_H 1
| #define HAVE_STRING_H 1
| #define HAVE_MEMORY_H 1
| #define HAVE_STRINGS_H 1
| #define HAVE_INTTYPES_H 1
| #define HAVE_STDINT_H 1
| #define HAVE_UNISTD_H 1
| #define HAVE_DLFCN_H 1
| #define LT_OBJDIR ".libs/"
| /* end confdefs.h.  */
| #include <ac_nonexistent.h>
configure:12425: checking for ld used by g++
configure:12492: result: /usr/bin/ld -m elf_x86_64
configure:12499: checking if the linker (/usr/bin/ld -m elf_x86_64) is GNU ld
configure:12514: result: yes
configure:12569: checking whether the g++ linker (/usr/bin/ld -m elf_x86_64) supports shared libraries
configure:13571: result: yes
configure:13607: g++ -c -g -O2  conftest.cpp >&5
configure:13610: $? = 0
configure:14130: checking for g++ option to produce PIC
configure:14137: result: -fPIC -DPIC
configure:14145: checking if g++ PIC flag -fPIC -DPIC works
configure:14163: g++ -c -g -O2  -fPIC -DPIC -DPIC conftest.cpp >&5
configure:14167: $? = 0
configure:14180: result: yes
configure:14203: checking if g++ static flag -static works
configure:14231: result: yes
configure:14243: checking if g++ supports -c -o file.o
configure:14264: g++ -c -g -O2  -o out/conftest2.o conftest.cpp >&5
configure:14268: $? = 0
configure:14290: result: yes
configure:14295: checking if g++ supports -c -o file.o
configure:14342: result: yes
configure:14372: checking whether the g++ linker (/usr/bin/ld -m elf_x86_64) supports shared libraries
configure:14411: result: yes
configure:14552: checking dynamic linker characteristics
configure:15220: result: GNU/Linux ld.so
configure:15273: checking how to hardcode library paths into programs
configure:15298: result: immediate
configure:15344: checking whether byte ordering is bigendian
configure:15359: g++ -c -g -O2  conftest.cpp >&5
conftest.cpp:22:9: error: expected unqualified-id before 'not' token
         not a universal capable compiler
         ^
configure:15359: $? = 1
configure: failed program was:
| /* confdefs.h */
| #define PACKAGE_NAME "CityHash"
| #define PACKAGE_TARNAME "cityhash"
| #define PACKAGE_VERSION "1.1.1"
| #define PACKAGE_STRING "CityHash 1.1.1"
| #define PACKAGE_BUGREPORT "cityhash-discuss@googlegroups.com"
| #define PACKAGE_URL ""
| #define STDC_HEADERS 1
| #define HAVE_SYS_TYPES_H 1
| #define HAVE_SYS_STAT_H 1
| #define HAVE_STDLIB_H 1
| #define HAVE_STRING_H 1
| #define HAVE_MEMORY_H 1
| #define HAVE_STRINGS_H 1
| #define HAVE_INTTYPES_H 1
| #define HAVE_STDINT_H 1
| #define HAVE_UNISTD_H 1
| #define HAVE_DLFCN_H 1
| #define LT_OBJDIR ".libs/"
| /* end confdefs.h.  */
| #ifndef __APPLE_CC__
| 	       not a universal capable compiler
| 	     #endif
| 	     typedef int dummy;
| 
configure:15404: g++ -c -g -O2  conftest.cpp >&5
configure:15404: $? = 0
configure:15422: g++ -c -g -O2  conftest.cpp >&5
conftest.cpp: In function 'int main()':
conftest.cpp:28:8: error: 'big' was not declared in this scope
    not big endian
        ^
conftest.cpp:28:12: error: expected ';' before 'endian'
    not big endian
            ^
configure:15422: $? = 1
configure: failed program was:
| /* confdefs.h */
| #define PACKAGE_NAME "CityHash"
| #define PACKAGE_TARNAME "cityhash"
| #define PACKAGE_VERSION "1.1.1"
| #define PACKAGE_STRING "CityHash 1.1.1"
| #define PACKAGE_BUGREPORT "cityhash-discuss@googlegroups.com"
| #define PACKAGE_URL ""
| #define STDC_HEADERS 1
| #define HAVE_SYS_TYPES_H 1
| #define HAVE_SYS_STAT_H 1
| #define HAVE_STDLIB_H 1
| #define HAVE_STRING_H 1
| #define HAVE_MEMORY_H 1
| #define HAVE_STRINGS_H 1
| #define HAVE_INTTYPES_H 1
| #define HAVE_STDINT_H 1
| #define HAVE_UNISTD_H 1
| #define HAVE_DLFCN_H 1
| #define LT_OBJDIR ".libs/"
| /* end confdefs.h.  */
| #include <sys/types.h>
| 		#include <sys/param.h>
| 
| int
| main ()
| {
| #if BYTE_ORDER != BIG_ENDIAN
| 		 not big endian
| 		#endif
| 
|   ;
|   return 0;
| }
configure:15550: result: no
configure:15576: checking for stdint.h
configure:15576: result: yes
configure:15576: checking for stdlib.h
configure:15576: result: yes
configure:15588: checking for inline
configure:15604: g++ -c -g -O2  conftest.cpp >&5
configure:15604: $? = 0
configure:15612: result: inline
configure:15630: checking for size_t
configure:15630: g++ -c -g -O2  conftest.cpp >&5
configure:15630: $? = 0
configure:15630: g++ -c -g -O2  conftest.cpp >&5
conftest.cpp: In function 'int main()':
conftest.cpp:59:20: error: expected primary-expression before ')' token
 if (sizeof ((size_t)))
                    ^
configure:15630: $? = 1
configure: failed program was:
| /* confdefs.h */
| #define PACKAGE_NAME "CityHash"
| #define PACKAGE_TARNAME "cityhash"
| #define PACKAGE_VERSION "1.1.1"
| #define PACKAGE_STRING "CityHash 1.1.1"
| #define PACKAGE_BUGREPORT "cityhash-discuss@googlegroups.com"
| #define PACKAGE_URL ""
| #define STDC_HEADERS 1
| #define HAVE_SYS_TYPES_H 1
| #define HAVE_SYS_STAT_H 1
| #define HAVE_STDLIB_H 1
| #define HAVE_STRING_H 1
| #define HAVE_MEMORY_H 1
| #define HAVE_STRINGS_H 1
| #define HAVE_INTTYPES_H 1
| #define HAVE_STDINT_H 1
| #define HAVE_UNISTD_H 1
| #define HAVE_DLFCN_H 1
| #define LT_OBJDIR ".libs/"
| #define HAVE_STDINT_H 1
| #define HAVE_STDLIB_H 1
| /* end confdefs.h.  */
| #include <stdio.h>
| #ifdef HAVE_SYS_TYPES_H
| # include <sys/types.h>
| #endif
| #ifdef HAVE_SYS_STAT_H
| # include <sys/stat.h>
| #endif
| #ifdef STDC_HEADERS
| # include <stdlib.h>
| # include <stddef.h>
| #else
| # ifdef HAVE_STDLIB_H
| #  include <stdlib.h>
| # endif
| #endif
| #ifdef HAVE_STRING_H
| # if !defined STDC_HEADERS && defined HAVE_MEMORY_H
| #  include <memory.h>
| # endif
| # include <string.h>
| #endif
| #ifdef HAVE_STRINGS_H
| # include <strings.h>
| #endif
| #ifdef HAVE_INTTYPES_H
| # include <inttypes.h>
| #endif
| #ifdef HAVE_STDINT_H
| # include <stdint.h>
| #endif
| #ifdef HAVE_UNISTD_H
| # include <unistd.h>
| #endif
| int
| main ()
| {
| if (sizeof ((size_t)))
| 	    return 0;
|   ;
|   return 0;
| }
configure:15630: result: yes
configure:15641: checking for ssize_t
configure:15641: g++ -c -g -O2  conftest.cpp >&5
configure:15641: $? = 0
configure:15641: g++ -c -g -O2  conftest.cpp >&5
conftest.cpp: In function 'int main()':
conftest.cpp:59:21: error: expected primary-expression before ')' token
 if (sizeof ((ssize_t)))
                     ^
configure:15641: $? = 1
configure: failed program was:
| /* confdefs.h */
| #define PACKAGE_NAME "CityHash"
| #define PACKAGE_TARNAME "cityhash"
| #define PACKAGE_VERSION "1.1.1"
| #define PACKAGE_STRING "CityHash 1.1.1"
| #define PACKAGE_BUGREPORT "cityhash-discuss@googlegroups.com"
| #define PACKAGE_URL ""
| #define STDC_HEADERS 1
| #define HAVE_SYS_TYPES_H 1
| #define HAVE_SYS_STAT_H 1
| #define HAVE_STDLIB_H 1
| #define HAVE_STRING_H 1
| #define HAVE_MEMORY_H 1
| #define HAVE_STRINGS_H 1
| #define HAVE_INTTYPES_H 1
| #define HAVE_STDINT_H 1
| #define HAVE_UNISTD_H 1
| #define HAVE_DLFCN_H 1
| #define LT_OBJDIR ".libs/"
| #define HAVE_STDINT_H 1
| #define HAVE_STDLIB_H 1
| /* end confdefs.h.  */
| #include <stdio.h>
| #ifdef HAVE_SYS_TYPES_H
| # include <sys/types.h>
| #endif
| #ifdef HAVE_SYS_STAT_H
| # include <sys/stat.h>
| #endif
| #ifdef STDC_HEADERS
| # include <stdlib.h>
| # include <stddef.h>
| #else
| # ifdef HAVE_STDLIB_H
| #  include <stdlib.h>
| # endif
| #endif
| #ifdef HAVE_STRING_H
| # if !defined STDC_HEADERS && defined HAVE_MEMORY_H
| #  include <memory.h>
| # endif
| # include <string.h>
| #endif
| #ifdef HAVE_STRINGS_H
| # include <strings.h>
| #endif
| #ifdef HAVE_INTTYPES_H
| # include <inttypes.h>
| #endif
| #ifdef HAVE_STDINT_H
| # include <stdint.h>
| #endif
| #ifdef HAVE_UNISTD_H
| # include <unistd.h>
| #endif
| int
| main ()
| {
| if (sizeof ((ssize_t)))
| 	    return 0;
|   ;
|   return 0;
| }
configure:15641: result: yes
configure:15652: checking for uint32_t
configure:15652: g++ -c -g -O2  conftest.cpp >&5
configure:15652: $? = 0
configure:15652: result: yes
configure:15666: checking for uint64_t
configure:15666: g++ -c -g -O2  conftest.cpp >&5
configure:15666: $? = 0
configure:15666: result: yes
configure:15680: checking for uint8_t
configure:15680: g++ -c -g -O2  conftest.cpp >&5
configure:15680: $? = 0
configure:15680: result: yes
configure:15696: checking if the compiler supports __builtin_expect
configure:15709: g++ -c -g -O2  conftest.cpp >&5
configure:15709: $? = 0
configure:15712: result: yes
configure:15838: checking that generated files are newer than configure
configure:15844: result: done
configure:15876: creating ./config.status

## ---------------------- ##
## Running config.status. ##
## ---------------------- ##

This file was extended by CityHash config.status 1.1.1, which was
generated by GNU Autoconf 2.69.  Invocation command line was

  CONFIG_FILES    = 
  CONFIG_HEADERS  = 
  CONFIG_LINKS    = 
  CONFIG_COMMANDS = 
  $ ./config.status 

on E620

config.status:1147: creating Makefile
config.status:1147: creating src/Makefile
config.status:1147: creating config.h
config.status:1376: executing depfiles commands
config.status:1376: executing libtool commands

## ---------------- ##
## Cache variables. ##
## ---------------- ##

ac_cv_build=x86_64-unknown-linux-gnu
ac_cv_c_bigendian=no
ac_cv_c_compiler_gnu=yes
ac_cv_c_inline=inline
ac_cv_c_uint32_t=yes
ac_cv_c_uint64_t=yes
ac_cv_c_uint8_t=yes
ac_cv_cxx_compiler_gnu=yes
ac_cv_env_CCC_set=
ac_cv_env_CCC_value=
ac_cv_env_CC_set=
ac_cv_env_CC_value=
ac_cv_env_CFLAGS_set=
ac_cv_env_CFLAGS_value=
ac_cv_env_CPPFLAGS_set=
ac_cv_env_CPPFLAGS_value=
ac_cv_env_CPP_set=
ac_cv_env_CPP_value=
ac_cv_env_CXXCPP_set=
ac_cv_env_CXXCPP_value=
ac_cv_env_CXXFLAGS_set=
ac_cv_env_CXXFLAGS_value=
ac_cv_env_CXX_set=
ac_cv_env_CXX_value=
ac_cv_env_LDFLAGS_set=
ac_cv_env_LDFLAGS_value=
ac_cv_env_LIBS_set=
ac_cv_env_LIBS_value=
ac_cv_env_build_alias_set=
ac_cv_env_build_alias_value=
ac_cv_env_host_alias_set=
ac_cv_env_host_alias_value=
ac_cv_env_target_alias_set=
ac_cv_env_target_alias_value=
ac_cv_header_dlfcn_h=yes
ac_cv_header_inttypes_h=yes
ac_cv_header_memory_h=yes
ac_cv_header_stdc=yes
ac_cv_header_stdint_h=yes
ac_cv_header_stdlib_h=yes
ac_cv_header_string_h=yes
ac_cv_header_strings_h=yes
ac_cv_header_sys_stat_h=yes
ac_cv_header_sys_types_h=yes
ac_cv_header_unistd_h=yes
ac_cv_host=x86_64-unknown-linux-gnu
ac_cv_objext=o
ac_cv_path_EGREP='/bin/grep -E'
ac_cv_path_FGREP='/bin/grep -F'
ac_cv_path_GREP=/bin/grep
ac_cv_path_SED=/bin/sed
ac_cv_path_install='/usr/bin/install -c'
ac_cv_path_mkdir=/bin/mkdir
ac_cv_prog_AWK=mawk
ac_cv_prog_CPP='gcc -E'
ac_cv_prog_CXXCPP='g++ -E'
ac_cv_prog_ac_ct_AR=ar
ac_cv_prog_ac_ct_CC=gcc
ac_cv_prog_ac_ct_CXX=g++
ac_cv_prog_ac_ct_MANIFEST_TOOL=mt
ac_cv_prog_ac_ct_OBJDUMP=objdump
ac_cv_prog_ac_ct_RANLIB=ranlib
ac_cv_prog_ac_ct_STRIP=strip
ac_cv_prog_cc_c89=
ac_cv_prog_cc_g=yes
ac_cv_prog_cxx_g=yes
ac_cv_prog_make_make_set=yes
ac_cv_type_size_t=yes
ac_cv_type_ssize_t=yes
am_cv_CC_dependencies_compiler_type=gcc3
am_cv_CXX_dependencies_compiler_type=gcc3
am_cv_make_support_nested_variables=yes
am_cv_prog_cc_c_o=yes
lt_cv_ar_at_file=@
lt_cv_archive_cmds_need_lc=no
lt_cv_deplibs_check_method=pass_all
lt_cv_file_magic_cmd='$MAGIC_CMD'
lt_cv_file_magic_test_file=
lt_cv_ld_reload_flag=-r
lt_cv_nm_interface='BSD nm'
lt_cv_objdir=.libs
lt_cv_path_LD=/usr/bin/ld
lt_cv_path_LDCXX='/usr/bin/ld -m elf_x86_64'
lt_cv_path_NM='/usr/bin/nm -B'
lt_cv_path_mainfest_tool=no
lt_cv_prog_compiler_c_o=yes
lt_cv_prog_compiler_c_o_CXX=yes
lt_cv_prog_compiler_pic='-fPIC -DPIC'
lt_cv_prog_compiler_pic_CXX='-fPIC -DPIC'
lt_cv_prog_compiler_pic_works=yes
lt_cv_prog_compiler_pic_works_CXX=yes
lt_cv_prog_compiler_rtti_exceptions=no
lt_cv_prog_compiler_static_works=yes
lt_cv_prog_compiler_static_works_CXX=yes
lt_cv_prog_gnu_ld=yes
lt_cv_prog_gnu_ldcxx=yes
lt_cv_sharedlib_from_linklib_cmd='printf %s\n'
lt_cv_shlibpath_overrides_runpath=no
lt_cv_sys_global_symbol_pipe='sed -n -e '\''s/^.*[	 ]\([ABCDGIRSTW][ABCDGIRSTW]*\)[	 ][	 ]*\([_A-Za-z][_A-Za-z0-9]*\)$/\1 \2 \2/p'\'' | sed '\''/ __gnu_lto/d'\'''
lt_cv_sys_global_symbol_to_c_name_address='sed -n -e '\''s/^: \([^ ]*\)[ ]*$/  {\"\1\", (void *) 0},/p'\'' -e '\''s/^[ABCDGIRSTW]* \([^ ]*\) \([^ ]*\)$/  {"\2", (void *) \&\2},/p'\'''
lt_cv_sys_global_symbol_to_c_name_address_lib_prefix='sed -n -e '\''s/^: \([^ ]*\)[ ]*$/  {\"\1\", (void *) 0},/p'\'' -e '\''s/^[ABCDGIRSTW]* \([^ ]*\) \(lib[^ ]*\)$/  {"\2", (void *) \&\2},/p'\'' -e '\''s/^[ABCDGIRSTW]* \([^ ]*\) \([^ ]*\)$/  {"lib\2", (void *) \&\2},/p'\'''
lt_cv_sys_global_symbol_to_cdecl='sed -n -e '\''s/^T .* \(.*\)$/extern int \1();/p'\'' -e '\''s/^[ABCDGIRSTW]* .* \(.*\)$/extern char \1;/p'\'''
lt_cv_sys_max_cmd_len=1572864
lt_cv_to_host_file_cmd=func_convert_file_noop
lt_cv_to_tool_file_cmd=func_convert_file_noop

## ----------------- ##
## Output variables. ##
## ----------------- ##

ACLOCAL='${SHELL} /home/james/下载/libcuckoo-master/cityhash-1.1.1/missing aclocal-1.14'
AMDEPBACKSLASH='\'
AMDEP_FALSE='#'
AMDEP_TRUE=''
AMTAR='$${TAR-tar}'
AM_BACKSLASH='\'
AM_DEFAULT_V='$(AM_DEFAULT_VERBOSITY)'
AM_DEFAULT_VERBOSITY='1'
AM_V='$(V)'
AR='ar'
AUTOCONF='${SHELL} /home/james/下载/libcuckoo-master/cityhash-1.1.1/missing autoconf'
AUTOHEADER='${SHELL} /home/james/下载/libcuckoo-master/cityhash-1.1.1/missing autoheader'
AUTOMAKE='${SHELL} /home/james/下载/libcuckoo-master/cityhash-1.1.1/missing automake-1.14'
AWK='mawk'
CC='gcc'
CCDEPMODE='depmode=gcc3'
CFLAGS='-g -O2'
CPP='gcc -E'
CPPFLAGS=''
CXX='g++'
CXXCPP='g++ -E'
CXXDEPMODE='depmode=gcc3'
CXXFLAGS='-g -O2'
CYGPATH_W='echo'
DEFS='-DHAVE_CONFIG_H'
DEPDIR='.deps'
DLLTOOL='false'
DSYMUTIL=''
DUMPBIN=''
ECHO_C=''
ECHO_N='-n'
ECHO_T=''
EGREP='/bin/grep -E'
EXEEXT=''
FGREP='/bin/grep -F'
GREP='/bin/grep'
INSTALL_DATA='${INSTALL} -m 644'
INSTALL_PROGRAM='${INSTALL}'
INSTALL_SCRIPT='${INSTALL}'
INSTALL_STRIP_PROGRAM='$(install_sh) -c -s'
LD='/usr/bin/ld -m elf_x86_64'
LDFLAGS=''
LIBOBJS=''
LIBS=''
LIBTOOL='$(SHELL) $(top_builddir)/libtool'
LIPO=''
LN_S='ln -s'
LTLIBOBJS=''
MAKEINFO='${SHELL} /home/james/下载/libcuckoo-master/cityhash-1.1.1/missing makeinfo'
MANIFEST_TOOL=':'
MKDIR_P='/bin/mkdir -p'
NM='/usr/bin/nm -B'
NMEDIT=''
OBJDUMP='objdump'
OBJEXT='o'
OTOOL64=''
OTOOL=''
PACKAGE='cityhash'
PACKAGE_BUGREPORT='cityhash-discuss@googlegroups.com'
PACKAGE_NAME='CityHash'
PACKAGE_STRING='CityHash 1.1.1'
PACKAGE_TARNAME='cityhash'
PACKAGE_URL=''
PACKAGE_VERSION='1.1.1'
PATH_SEPARATOR=':'
RANLIB='ranlib'
SED='/bin/sed'
SET_MAKE=''
SHELL='/bin/bash'
SSE42_FALSE=''
SSE42_TRUE='#'
STRIP='strip'
VERSION='1.1.1'
ac_ct_AR='ar'
ac_ct_CC='gcc'
ac_ct_CXX='g++'
ac_ct_DUMPBIN=''
am__EXEEXT_FALSE=''
am__EXEEXT_TRUE='#'
am__fastdepCC_FALSE='#'
am__fastdepCC_TRUE=''
am__fastdepCXX_FALSE='#'
am__fastdepCXX_TRUE=''
am__include='include'
am__isrc=''
am__leading_dot='.'
am__nodep='_no'
am__quote=''
am__tar='$${TAR-tar} chof - "$$tardir"'
am__untar='$${TAR-tar} xf -'
bindir='${exec_prefix}/bin'
build='x86_64-unknown-linux-gnu'
build_alias=''
build_cpu='x86_64'
build_os='linux-gnu'
build_vendor='unknown'
datadir='${datarootdir}'
datarootdir='${prefix}/share'
docdir='${datarootdir}/doc/${PACKAGE_TARNAME}'
dvidir='${docdir}'
exec_prefix='${prefix}'
host='x86_64-unknown-linux-gnu'
host_alias=''
host_cpu='x86_64'
host_os='linux-gnu'
host_vendor='unknown'
htmldir='${docdir}'
includedir='${prefix}/include'
infodir='${datarootdir}/info'
install_sh='${SHELL} /home/james/下载/libcuckoo-master/cityhash-1.1.1/install-sh'
libdir='${exec_prefix}/lib'
libexecdir='${exec_prefix}/libexec'
localedir='${datarootdir}/locale'
localstatedir='${prefix}/var'
mandir='${datarootdir}/man'
mkdir_p='$(MKDIR_P)'
oldincludedir='/usr/include'
pdfdir='${docdir}'
prefix='/usr/local'
program_transform_name='s,x,x,'
psdir='${docdir}'
sbindir='${exec_prefix}/sbin'
sharedstatedir='${prefix}/com'
sysconfdir='${prefix}/etc'
target_alias=''

## ----------- ##
## confdefs.h. ##
## ----------- ##

/* confdefs.h */
#define PACKAGE_NAME "CityHash"
#define PACKAGE_TARNAME "cityhash"
#define PACKAGE_VERSION "1.1.1"
#define PACKAGE_STRING "CityHash 1.1.1"
#define PACKAGE_BUGREPORT "cityhash-discuss@googlegroups.com"
#define PACKAGE_URL ""
#define STDC_HEADERS 1
#define HAVE_SYS_TYPES_H 1
#define HAVE_SYS_STAT_H 1
#define HAVE_STDLIB_H 1
#define HAVE_STRING_H 1
#define HAVE_MEMORY_H 1
#define HAVE_STRINGS_H 1
#define HAVE_INTTYPES_H 1
#define HAVE_STDINT_H 1
#define HAVE_UNISTD_H 1
#define HAVE_DLFCN_H 1
#define LT_OBJDIR ".libs/"
#define HAVE_STDINT_H 1
#define HAVE_STDLIB_H 1
#define HAVE_BUILTIN_EXPECT 1

configure: exit 0
